"../../../Engine/Content/Functions/Engine_MaterialFunctions01/Density/ExponentialDensity.uasset" 0
"../../../Engine/Content/Functions/Engine_MaterialFunctions01/Gradient/RadialGradientExponential.uasset" 1
"../../../../../GRPRO/codename_geography/Content/TopDownCPP/Blueprints/M_Cursor_Decal.uasset" 2
"../../../Engine/Content/Functions/Engine_MaterialFunctions01/Opacity/CameraDepthFade.uasset" 3
"../../../Engine/Content/EngineMaterials/T_Default_Material_Grid_M.uasset" 4
"../../../Engine/Content/EngineMaterials/T_Default_Material_Grid_N.uasset" 5
"../../../Engine/Content/EngineMaterials/WorldGridMaterial.uasset" 6
"../../../Engine/Content/ArtTools/RenderToTexture/Meshes/S_1_Unit_Plane.uasset" 7
"../../../Engine/Content/EngineMaterials/DefaultMaterial.uasset" 8
"../../../Engine/Content/BasicShapes/Cone.uasset" 9
"../../../Engine/Content/BasicShapes/Plane.uasset" 10
"../../../Engine/Content/BasicShapes/Sphere.uasset" 11
"../../../Engine/Content/EditorLandscapeResources/DataLayer.uasset" 12
"../../../Engine/Content/EditorMaterials/GizmoMaterial.uasset" 13
"../../../Engine/Content/EditorMaterials/MAT_Groups_Toggle.uasset" 14
"../../../Engine/Content/EditorMaterials/MAT_Groups_Visibility.uasset" 15
"../../../Engine/Content/EditorMaterials/PreviewShadowIndicator.uasset" 16
"../../../Engine/Content/EditorMaterials/PreviewShadowIndicatorMaterial.uasset" 17
"../../../Engine/Content/EditorMaterials/MatineeGroups/MAT_ColorTrack.uasset" 18
"../../../Engine/Content/EditorMaterials/MatineeGroups/MAT_Groups_Anim.uasset" 19
"../../../Engine/Content/EditorMaterials/MatineeGroups/MAT_Groups_AudioMaster.uasset" 20
"../../../Engine/Content/EditorMaterials/MatineeGroups/MAT_Groups_Director.uasset" 21
"../../../Engine/Content/EditorMaterials/MatineeGroups/MAT_Groups_Event.uasset" 22
"../../../Engine/Content/EditorMaterials/MatineeGroups/MAT_Groups_Fade.uasset" 23
"../../../Engine/Content/EditorMaterials/MatineeGroups/MAT_Groups_Float.uasset" 24
"../../../Engine/Content/EditorMaterials/MatineeGroups/MAT_Groups_Move.uasset" 25
"../../../Engine/Content/EditorMaterials/MatineeGroups/MAT_Groups_Slomo.uasset" 26
"../../../Engine/Content/EditorMaterials/MatineeGroups/MAT_Groups_Sound.uasset" 27
"../../../Engine/Content/EditorMaterials/MatineeGroups/MAT_Groups_Vector.uasset" 28
"../../../Engine/Content/EditorMaterials/ParticleSystems/PSysThumbnail_NoImage.uasset" 29
"../../../Engine/Content/EditorMaterials/ParticleSystems/PSysThumbnail_OOD.uasset" 30
"../../../Engine/Content/EditorMaterials/Camera/CineMat.uasset" 31
"../../../Engine/Content/EditorMaterials/Camera/MI_CineMat_Rig.uasset" 32
"../../../Engine/Content/EditorMeshes/Camera/SM_CraneRig_Arm.uasset" 33
"../../../Engine/Content/EditorMeshes/Camera/SM_CraneRig_Base.uasset" 34
"../../../Engine/Content/EditorMeshes/Camera/SM_CraneRig_Body.uasset" 35
"../../../Engine/Content/EditorMeshes/Camera/SM_CraneRig_Mount.uasset" 36
"../../../Engine/Content/EditorMeshes/Camera/SM_RailRig_Mount.uasset" 37
"../../../Engine/Content/EditorMeshes/Camera/SM_RailRig_Track.uasset" 38
"../../../Engine/Content/EditorResources/BSPVertex.uasset" 39
"../../../Engine/Content/EditorResources/EmptyActor.uasset" 40
"../../../Engine/Content/EditorResources/S_Actor.uasset" 41
"../../../Engine/Content/EditorResources/S_Trigger.uasset" 42
"../../../Engine/Content/EditorResources/LightIcons/S_LightError.uasset" 43
"../../../Engine/Content/EditorResources/SequenceRecorder/Countdown.uasset" 44
"../../../Engine/Content/EditorResources/SequenceRecorder/RecordingIndicator.uasset" 45
"../../../Engine/Content/EditorSounds/Notifications/CompileFailed.uasset" 46
"../../../Engine/Content/EditorSounds/Notifications/CompileFailed_Cue.uasset" 47
"../../../Engine/Content/EditorSounds/Notifications/CompileSuccess.uasset" 48
"../../../Engine/Content/EditorSounds/Notifications/CompileStart_Cue.uasset" 49
"../../../Engine/Content/EditorSounds/Notifications/CompileSuccess_Cue.uasset" 50
"../../../Engine/Content/EngineDamageTypes/DmgTypeBP_Environmental.uasset" 51
"../../../Engine/Content/EngineDebugMaterials/HeatmapGradient.uasset" 52
"../../../Engine/Content/EngineDebugMaterials/BoneWeightMaterial.uasset" 53
"../../../Engine/Content/EngineDebugMaterials/ClothMaterial.uasset" 54
"../../../Engine/Content/EngineDebugMaterials/ClothMaterial_WF.uasset" 55
"../../../Engine/Content/EngineDebugMaterials/DebugEditorMaterial.uasset" 56
"../../../Engine/Content/EngineDebugMaterials/DebugMeshMaterial.uasset" 57
"../../../Engine/Content/EngineDebugMaterials/GeomMaterial.uasset" 58
"../../../Engine/Content/EngineDebugMaterials/M_SimpleTranslucent.uasset" 59
"../../../Engine/Content/EngineFonts/Faces/RobotoBold.uasset" 60
"../../../Engine/Content/EngineFonts/Faces/RobotoBoldItalic.uasset" 61
"../../../Engine/Content/EngineFonts/Faces/RobotoItalic.uasset" 62
"../../../Engine/Content/EngineFonts/Faces/RobotoLight.uasset" 63
"../../../Engine/Content/EngineFonts/Faces/RobotoRegular.uasset" 64
"../../../Engine/Content/EngineFonts/Roboto.uasset" 65
"../../../Engine/Content/EngineFonts/Faces/RobotoTiny.uasset" 66
"../../../Engine/Content/EngineFonts/RobotoTiny.uasset" 67
"../../../Engine/Content/EngineMaterials/BaseFlattenDiffuseMap.uasset" 68
"../../../Engine/Content/EngineMaterials/BaseFlattenEmissiveMap.uasset" 69
"../../../Engine/Content/EngineMaterials/BaseFlattenGrayscaleMap.uasset" 70
"../../../Engine/Content/EngineMaterials/BaseFlattenNormalMap.uasset" 71
"../../../Engine/Content/EngineMaterials/BaseFlattenMaterial.uasset" 72
"../../../Engine/Content/EngineMaterials/DefaultBloomKernel.uasset" 73
"../../../Engine/Content/EngineMaterials/DefaultBokeh.uasset" 74
"../../../Engine/Content/EngineMaterials/DefaultDiffuse.uasset" 75
"../../../Engine/Content/EngineMaterials/DefaultDeferredDecalMaterial.uasset" 76
"../../../Engine/Content/EngineMaterials/DefaultLightFunctionMaterial.uasset" 77
"../../../Engine/Content/EngineMaterials/DefaultPhysicalMaterial.uasset" 78
"../../../Engine/Content/Functions/Engine_MaterialFunctions02/Utility/BreakOutFloat2Components.uasset" 79
"../../../Engine/Content/EngineMaterials/DefaultPostProcessMaterial.uasset" 80
"../../../Engine/Content/EngineFonts/RobotoDistanceField.uasset" 81
"../../../Engine/Content/EngineMaterials/DefaultTextMaterialOpaque.uasset" 82
"../../../Engine/Content/EngineMaterials/DefaultWhiteGrid.uasset" 83
"../../../Engine/Content/EngineMaterials/EditorBrushMaterial.uasset" 84
"../../../Engine/Content/EngineMaterials/Good64x64TilingNoiseHighFreq.uasset" 85
"../../../Engine/Content/EngineMaterials/MiniFont.uasset" 86
"../../../Engine/Content/EngineMaterials/InvalidLightmapSettings.uasset" 87
"../../../Engine/Content/EngineMaterials/M_InvalidLightmapSettings.uasset" 88
"../../../Engine/Content/Functions/Engine_MaterialFunctions02/WorldPositionOffset/CameraOffset.uasset" 89
"../../../Engine/Content/EngineMaterials/PhAT_JointLimitMaterial.uasset" 90
"../../../Engine/Content/EngineMaterials/PreintegratedSkinBRDF.uasset" 91
"../../../Engine/Content/EngineMaterials/RemoveSurfaceMaterial.uasset" 92
"../../../Engine/Content/EngineMaterials/WeightMapPlaceholderTexture.uasset" 93
"../../../Engine/Content/EngineResources/WhiteSquareTexture.uasset" 94
"../../../Engine/Content/EngineMaterials/Widget3DPassThrough.uasset" 95
"../../../Engine/Content/EngineMaterials/Widget3DPassThrough_Masked.uasset" 96
"../../../Engine/Content/EngineMaterials/Widget3DPassThrough_Opaque.uasset" 97
"../../../Engine/Content/EngineMaterials/Widget3DPassThrough_Masked_OneSided.uasset" 98
"../../../Engine/Content/EngineMaterials/Widget3DPassThrough_Opaque_OneSided.uasset" 99
"../../../Engine/Content/EngineMaterials/Widget3DPassThrough_Translucent.uasset" 100
"../../../Engine/Content/EngineMaterials/Widget3DPassThrough_Translucent_OneSided.uasset" 101
"../../../Engine/Content/EngineMeshes/Cylinder.uasset" 102
"../../../Engine/Content/EngineMeshes/Sphere.uasset" 103
"../../../Engine/Content/EngineResources/Black.uasset" 104
"../../../Engine/Content/EngineResources/DefaultTexture.uasset" 105
"../../../Engine/Content/EngineResources/DefaultTextureCube.uasset" 106
"../../../Engine/Content/EngineResources/DefaultVolumeTexture2D.uasset" 107
"../../../Engine/Content/EngineResources/DefaultVolumeTexture.uasset" 108
"../../../Engine/Content/EngineResources/GradientTexture0.uasset" 109
"../../../Engine/Content/EngineSounds/Master.uasset" 110
"../../../Engine/Content/Functions/Engine_MaterialFunctions01/Shading/ConvertFromDiffSpec.uasset" 111
"../../../Engine/Content/Functions/Engine_MaterialFunctions01/Shading/PowerToRoughness.uasset" 112
"../../../Engine/Content/Maps/Templates/Thumbnails/Default.uasset" 113
"../../../Engine/Content/Maps/Templates/Thumbnails/VR-Basic.uasset" 114
"../../../Engine/Content/MobileResources/T_MobileControls_texture.uasset" 115
"../../../Engine/Content/MobileResources/T_MobileMenu2.uasset" 116
"../../../Engine/Content/MobileResources/HUD/AnalogHat.uasset" 117
"../../../Engine/Content/MobileResources/HUD/VirtualJoystick_Background.uasset" 118
"../../../Engine/Content/MobileResources/HUD/VirtualJoystick_Thumb.uasset" 119
"../../../Engine/Content/MobileResources/HUD/DefaultVirtualJoysticks.uasset" 120
"../../../Engine/Content/MobileResources/HUD/LeftVirtualJoystickOnly.uasset" 121
"../../../Engine/Content/MobileResources/HUD/MobileHUDButton1_off.uasset" 122
"../../../Engine/Content/MobileResources/HUD/MobileHUDButton1_on.uasset" 123
"../../../Engine/Content/MobileResources/HUD/MobileHUDButton2_off.uasset" 124
"../../../Engine/Content/MobileResources/HUD/MobileHUDButton2_on.uasset" 125
"../../../Engine/Content/MobileResources/HUD/MobileHUDButton3.uasset" 126
"../../../Engine/Content/MobileResources/HUD/MobileHUDButtonFire.uasset" 127
"../../../Engine/Content/MobileResources/HUD/MobileHUDDirectionPad.uasset" 128
"../../../Engine/Content/MobileResources/HUD/MobileHUDDirectionPad2.uasset" 129
"../../../Engine/Content/MobileResources/HUD/MobileHUDDirectionPad3.uasset" 130
"../../../Engine/Content/MobileResources/HUD/MobileHUDDirectionStick.uasset" 131
"../../../Engine/Content/MobileResources/HUD/T_Castle_ThumbstickInner.uasset" 132
"../../../Engine/Content/MobileResources/HUD/T_Castle_ThumbstickOutter.uasset" 133
"../../../Engine/Content/Tutorial/ContentIntroCurve.uasset" 134
"../../../Engine/Content/Tutorial/Basics/TutorialAssets/icon_tab_Levels_40x.uasset" 135
"../../../Engine/Content/Tutorial/BlueprintTutorials/TutorialAssets/Blueprint_64x.uasset" 136
"../../../Engine/Content/Tutorial/Landscape/TutorialAssets/Landscape.uasset" 137
"../../../Engine/Content/VREditor/LaserPointer/VR_LaserPower_01.uasset" 138
"../../../Engine/Content/VREditor/TransformGizmo/TransformGizmoMaterial.uasset" 139
"../../../Engine/Content/VREditor/TransformGizmo/TranslucentTransformGizmoMaterial.uasset" 140
"../../../Engine/Content/VREditor/TransformGizmo/BoundingBoxCorner.uasset" 141
"../../../Engine/Content/VREditor/TransformGizmo/BoundingBoxEdge.uasset" 142
"../../../Engine/Content/VREditor/TransformGizmo/PlaneTranslationHandle.uasset" 143
"../../../Engine/Content/VREditor/TransformGizmo/Main.uasset" 144
"../../../Engine/Content/VREditor/TransformGizmo/Xray.uasset" 145
"../../../Engine/Content/VREditor/TransformGizmo/SM_Sequencer_Key.uasset" 146
"../../../Engine/Content/VREditor/TransformGizmo/SM_Sequencer_Node.uasset" 147
"../../Plugins/2D/Paper2D/Content/PlaceholderTextures/DummySpriteTexture.uasset" 148
"../../Plugins/2D/Paper2D/Content/DummySprite.uasset" 149
"../../Plugins/2D/Paper2D/Content/DefaultPaperTerrainMaterial.uasset" 150
"../../Plugins/2D/Paper2D/Content/DefaultSpriteMaterial.uasset" 151
"../../Plugins/2D/Paper2D/Content/MaskedUnlitSpriteMaterial.uasset" 152
"../../Plugins/2D/Paper2D/Content/OpaqueUnlitSpriteMaterial.uasset" 153
"../../Plugins/Runtime/Oculus/OculusVR/Content/Materials/PokeAHoleMaterial.uasset" 154
"../../Plugins/Runtime/Oculus/OculusVR/Content/Textures/GearVRController_AO.uasset" 155
"../../Plugins/Runtime/Oculus/OculusVR/Content/Textures/GearVRController_Color.uasset" 156
"../../Plugins/Runtime/Oculus/OculusVR/Content/Textures/GearVRController_Normal.uasset" 157
"../../Plugins/Runtime/Oculus/OculusVR/Content/Materials/GearVRControllerMaterial.uasset" 158
"../../Plugins/Runtime/Oculus/OculusVR/Content/Meshes/GearVrController.uasset" 159
"../../Plugins/Runtime/Oculus/OculusVR/Content/Textures/touchController_albedo.uasset" 160
"../../Plugins/Runtime/Oculus/OculusVR/Content/Textures/touchController_controlmap.uasset" 161
"../../Plugins/Runtime/Oculus/OculusVR/Content/Materials/touchController_mat.uasset" 162
"../../Plugins/Runtime/Oculus/OculusVR/Content/Meshes/LeftTouchController.uasset" 163
"../../Plugins/Runtime/Oculus/OculusVR/Content/Meshes/RiftHMD.uasset" 164
"../../Plugins/Runtime/Oculus/OculusVR/Content/Meshes/RightTouchController.uasset" 165
"../../../../../GRPRO/codename_geography/Content/TopDownCPP/Blueprints/Characters/Meshes/GelleFra/GelleFra_SK_Skeleton.uasset" 166
"../../../../../GRPRO/codename_geography/Content/TopDownCPP/Blueprints/Characters/Meshes/GelleFra/GelleFra_Dance.uasset" 167
"../../../../../GRPRO/codename_geography/Content/TopDownCPP/Blueprints/Characters/Meshes/GelleFra/GelleFra_Idle.uasset" 168
"../../../../../GRPRO/codename_geography/Content/TopDownCPP/Blueprints/Characters/Meshes/GelleFra/GelleFra_Run.uasset" 169
"../../../../../GRPRO/codename_geography/Content/TopDownCPP/Blueprints/Characters/Meshes/GelleFra/GelleFra_Anim.uasset" 170
"../../../../../GRPRO/codename_geography/Content/Mannequin/Character/Mesh/UE4_Mannequin_Skeleton.uasset" 171
"../../../../../GRPRO/codename_geography/Content/Mannequin/Animations/ThirdPerson_Jump.uasset" 172
"../../../../../GRPRO/codename_geography/Content/Mannequin/Animations/ThirdPersonJump_Loop.uasset" 173
"../../../../../GRPRO/codename_geography/Content/Mannequin/Animations/ThirdPersonJump_Start.uasset" 174
"../../../../../GRPRO/codename_geography/Content/Mannequin/Animations/ThirdPersonIdle.uasset" 175
"../../../../../GRPRO/codename_geography/Content/Mannequin/Animations/ThirdPersonRun.uasset" 176
"../../../../../GRPRO/codename_geography/Content/Mannequin/Animations/ThirdPersonWalk.uasset" 177
"../../../../../GRPRO/codename_geography/Content/Mannequin/Animations/ThirdPerson_IdleRun_2D.uasset" 178
"../../../Engine/Content/EditorBlueprintResources/StandardMacros.uasset" 179
"../../../../../GRPRO/codename_geography/Content/Mannequin/Animations/ThirdPerson_AnimBP.uasset" 180
"../../../../../GRPRO/codename_geography/Content/TopDownCPP/Blueprints/PositionStruct.uasset" 181
"../../../../../GRPRO/codename_geography/Content/TopDownCPP/PlayerLocationStruct.uasset" 182
"../../../../../GRPRO/codename_geography/Content/TopDownCPP/GameInstance.uasset" 183
"../../../../../GRPRO/codename_geography/Content/TopDownCPP/Blueprints/Characters/Meshes/JangDeBlannen/Jang_Final_SK_Skeleton.uasset" 184
"../../../../../GRPRO/codename_geography/Content/TopDownCPP/Blueprints/Characters/Meshes/JangDeBlannen/Jang_Final_Idle.uasset" 185
"../../../../../GRPRO/codename_geography/Content/TopDownCPP/Blueprints/Characters/Meshes/JangDeBlannen/Jang_Final_Run.uasset" 186
"../../../../../GRPRO/codename_geography/Content/TopDownCPP/Blueprints/Characters/Meshes/JangDeBlannen/JangDeBlannen_Anim.uasset" 187
"../../../../../GRPRO/codename_geography/Content/TopDownCPP/Blueprints/Characters/Textures/Jang/Jang_BC.uasset" 188
"../../../../../GRPRO/codename_geography/Content/TopDownCPP/Blueprints/Characters/Textures/Jang/Jang_Metallic.uasset" 189
"../../../../../GRPRO/codename_geography/Content/TopDownCPP/Blueprints/Characters/Textures/Jang/Jang_Roughness.uasset" 190
"../../../../../GRPRO/codename_geography/Content/TopDownCPP/Blueprints/Characters/Textures/Jang/Jang_Specular.uasset" 191
"../../../../../GRPRO/codename_geography/Content/TopDownCPP/Blueprints/Characters/Textures/Jang/JangMaterial.uasset" 192
"../../../../../GRPRO/codename_geography/Content/TopDownCPP/Blueprints/Characters/Meshes/JangDeBlannen/Jang_Final_SK_PhysicsAsset.uasset" 193
"../../../../../GRPRO/codename_geography/Content/TopDownCPP/Blueprints/Characters/Meshes/JangDeBlannen/Jang_Final_SK.uasset" 194
"../../../../../GRPRO/codename_geography/Content/TopDownCPP/Blueprints/Characters/JangDeBlannen.uasset" 195
"../../../../../GRPRO/codename_geography/Content/TopDownCPP/Blueprints/Characters/Meshes/Melusina/Melusina_SK_Skeleton.uasset" 196
"../../../../../GRPRO/codename_geography/Content/TopDownCPP/Blueprints/Characters/Meshes/Melusina/Melusina_Idle.uasset" 197
"../../../../../GRPRO/codename_geography/Content/TopDownCPP/Blueprints/Characters/Meshes/Melusina/Melusina_Run.uasset" 198
"../../../../../GRPRO/codename_geography/Content/TopDownCPP/Blueprints/Characters/Meshes/Melusina/Melusina_Anim.uasset" 199
"../../../../../GRPRO/codename_geography/Content/TopDownCPP/Blueprints/Characters/Textures/Melusina/Melusina_BC.uasset" 200
"../../../../../GRPRO/codename_geography/Content/TopDownCPP/Blueprints/Characters/Textures/Melusina/Melusina_Roughness.uasset" 201
"../../../../../GRPRO/codename_geography/Content/TopDownCPP/Blueprints/Characters/Textures/Melusina/Melusina_Specular.uasset" 202
"../../../../../GRPRO/codename_geography/Content/TopDownCPP/Blueprints/Characters/Textures/Melusina/MelusinaMaterial.uasset" 203
"../../../../../GRPRO/codename_geography/Content/TopDownCPP/Blueprints/Characters/Meshes/Melusina/Melusina_SK_PhysicsAsset.uasset" 204
"../../../../../GRPRO/codename_geography/Content/TopDownCPP/Blueprints/Characters/Meshes/Melusina/Melusina_SK.uasset" 205
"../../../../../GRPRO/codename_geography/Content/TopDownCPP/Blueprints/Characters/Melusina.uasset" 206
"../../../../../GRPRO/codename_geography/Content/TopDownCPP/Blueprints/Characters/Meshes/Siegfried/Siegfried_SK_Skeleton.uasset" 207
"../../../../../GRPRO/codename_geography/Content/TopDownCPP/Blueprints/Characters/Meshes/Siegfried/Siegfried_Idle.uasset" 208
"../../../../../GRPRO/codename_geography/Content/TopDownCPP/Blueprints/Characters/Meshes/Siegfried/Siegfried_Run.uasset" 209
"../../../../../GRPRO/codename_geography/Content/TopDownCPP/Blueprints/Characters/Meshes/Siegfried/Siegfried_Anim.uasset" 210
"../../../../../GRPRO/codename_geography/Content/TopDownCPP/Blueprints/Characters/Textures/Siegfried/Siegfried_BC.uasset" 211
"../../../../../GRPRO/codename_geography/Content/TopDownCPP/Blueprints/Characters/Textures/Siegfried/Siegfried_Metallic.uasset" 212
"../../../../../GRPRO/codename_geography/Content/TopDownCPP/Blueprints/Characters/Textures/Siegfried/Siegfried_Roughness.uasset" 213
"../../../../../GRPRO/codename_geography/Content/TopDownCPP/Blueprints/Characters/Textures/Siegfried/Siegfried_Specular.uasset" 214
"../../../../../GRPRO/codename_geography/Content/TopDownCPP/Blueprints/Characters/Textures/Siegfried/SiegfriedMaterial.uasset" 215
"../../../../../GRPRO/codename_geography/Content/TopDownCPP/Blueprints/Characters/Meshes/Siegfried/Siegfried_SK_PhysicsAsset.uasset" 216
"../../../../../GRPRO/codename_geography/Content/TopDownCPP/Blueprints/Characters/Meshes/Siegfried/Siegfried_SK.uasset" 217
"../../../../../GRPRO/codename_geography/Content/TopDownCPP/Blueprints/Characters/Siegfried.uasset" 218
"../../../../../GRPRO/codename_geography/Content/TopDownCPP/Blueprints/PlayerStates.uasset" 219
"../../../../../GRPRO/codename_geography/Content/TopDownCPP/Blueprints/MainPlayerController.uasset" 220
"../../../../../GRPRO/codename_geography/Content/TopDownCPP/Blueprints/RollingWidget.uasset" 221
"../../../../../GRPRO/codename_geography/Content/TopDownCPP/maf_-_mafland_-remake-__online-audio-converter_com_.uasset" 222
"../../../../../GRPRO/codename_geography/Content/TopDownCPP/MainGameMusic.uasset" 223
"../../../../../GRPRO/codename_geography/Content/TopDownCPP/MainGameMode.uasset" 224
"../../../../../GRPRO/codename_geography/Content/TopDownCPP/Blueprints/PlayerStateGeography.uasset" 225
"../../../../../GRPRO/codename_geography/Content/TopDownCPP/Blueprints/CommuneMaterial.uasset" 226
"../../../Engine/Content/BasicShapes/Cube.uasset" 227
"../../../../../GRPRO/codename_geography/Content/TopDownCPP/Blueprints/Characters/Emoxi_BC.uasset" 228
"../../../../../GRPRO/codename_geography/Content/TopDownCPP/Blueprints/Characters/Emoxi_Specular.uasset" 229
"../../../../../GRPRO/codename_geography/Content/TopDownCPP/Blueprints/Characters/KachkeisSchmierMaterial.uasset" 230
"../../../../../GRPRO/codename_geography/Content/TopDownCPP/Blueprints/Characters/Emoxi_SM.uasset" 231
"../../../../../GRPRO/codename_geography/Content/TopDownCPP/Blueprints/GoalReachedWidget.uasset" 232
"../../../../../GRPRO/codename_geography/Content/TopDownCPP/Blueprints/Commune.uasset" 233
"../../../Engine/Content/Functions/Engine_MaterialFunctions02/Utility/BlendAngleCorrectedNormals.uasset" 234
"../../../Engine/Content/Functions/MaterialLayerFunctions/MatLayerBlend_NormalBlend.uasset" 235
"../../../Engine/Content/Functions/MaterialLayerFunctions/MatLayerBlend_Simple.uasset" 236
"../../../../../GRPRO/codename_geography/Content/Mannequin/Character/Materials/MaterialLayers/T_ML_Rubber_Blue_01_D.uasset" 237
"../../../../../GRPRO/codename_geography/Content/Mannequin/Character/Materials/MaterialLayers/T_ML_Rubber_Blue_01_N.uasset" 238
"../../../../../GRPRO/codename_geography/Content/Mannequin/Character/Materials/MaterialLayers/ML_GlossyBlack_Latex_UE4.uasset" 239
"../../../../../GRPRO/codename_geography/Content/Mannequin/Character/Materials/MaterialLayers/ML_Plastic_Shiny_Beige.uasset" 240
"../../../../../GRPRO/codename_geography/Content/Mannequin/Character/Textures/UE4_LOGO_CARD.uasset" 241
"../../../../../GRPRO/codename_geography/Content/Mannequin/Character/Materials/MaterialLayers/ML_Plastic_Shiny_Beige_LOGO.uasset" 242
"../../../../../GRPRO/codename_geography/Content/Mannequin/Character/Materials/MaterialLayers/T_ML_Aluminum01.uasset" 243
"../../../../../GRPRO/codename_geography/Content/Mannequin/Character/Materials/MaterialLayers/T_ML_Aluminum01_N.uasset" 244
"../../../../../GRPRO/codename_geography/Content/Mannequin/Character/Materials/MaterialLayers/ML_SoftMetal_UE4.uasset" 245
"../../../../../GRPRO/codename_geography/Content/Mannequin/Character/Textures/UE4_Mannequin__normals.uasset" 246
"../../../../../GRPRO/codename_geography/Content/Mannequin/Character/Textures/UE4_Mannequin_MAT_MASKA.uasset" 247
"../../../../../GRPRO/codename_geography/Content/Mannequin/Character/Materials/M_UE4Man_Body.uasset" 248
"../../../../../GRPRO/codename_geography/Content/Mannequin/Character/Textures/UE4Man_Logo_N.uasset" 249
"../../../../../GRPRO/codename_geography/Content/Mannequin/Character/Materials/M_UE4Man_ChestLogo.uasset" 250
"../../../../../GRPRO/codename_geography/Content/Mannequin/Character/Mesh/SK_Mannequin_PhysicsAsset.uasset" 251
"../../../../../GRPRO/codename_geography/Content/Mannequin/Character/Mesh/SK_Mannequin.uasset" 252
"../../../../../GRPRO/codename_geography/Content/TopDownCPP/Blueprints/TopDownCharacter.uasset" 253
"../../../../../GRPRO/codename_geography/Content/TopDownCPP/Blueprints/Characters/GrandDuchesseCharlotteMaterial.uasset" 254
"../../../../../GRPRO/codename_geography/Content/TopDownCPP/Blueprints/Characters/Meshes/GelleFra/GelleFra_SK_PhysicsAsset.uasset" 255
"../../../../../GRPRO/codename_geography/Content/TopDownCPP/Blueprints/Characters/Meshes/GelleFra/GelleFra_SK.uasset" 256
"../../../../../GRPRO/codename_geography/Content/TopDownCPP/Blueprints/Characters/GrandDuchesseCharlotte.uasset" 257
"../../../Engine/Content/EngineSky/C_Sky_Cloud_Color.uasset" 258
"../../../Engine/Content/EngineSky/C_Sky_Horizon_Color.uasset" 259
"../../../Engine/Content/EngineSky/C_Sky_Zenith_Color.uasset" 260
"../../../Engine/Content/EngineSky/T_Sky_Blue.uasset" 261
"../../../Engine/Content/EngineSky/T_Sky_Clouds_M.uasset" 262
"../../../Engine/Content/EngineSky/T_Sky_Stars.uasset" 263
"../../../Engine/Content/EngineSky/M_Sky_Panning_Clouds2.uasset" 264
"../../../Engine/Content/EngineSky/SM_SkySphere.uasset" 265
"../../../Engine/Content/EngineSky/BP_Sky_Sphere.uasset" 266
"../../../../../GRPRO/codename_geography/Content/TopDownCPP/Blueprints/CommuneLinkerMaterial.uasset" 267
"../../../../../GRPRO/codename_geography/Content/TopDownCPP/Blueprints/CommuneLinker.uasset" 268
"../../../Engine/Content/BasicShapes/Cylinder.uasset" 269
"../../../../../GRPRO/codename_geography/Content/TopDownCPP/Blueprints/CommuneLinkerLinker.uasset" 270
"../../../../../GRPRO/codename_geography/Content/TopDownCPP/Main_BuiltData.uasset" 271
"../../../Engine/Content/MapTemplates/Sky/T_Sky_Stars.uasset" 272
"../../../Engine/Content/MapTemplates/Sky/T_UDK_Sky_CloudMask01_N.uasset" 273
"../../../Engine/Content/MapTemplates/T_UDK_Sky_CloudMask03.uasset" 274
"../../../Engine/Content/MapTemplates/Sky/M_Procedural_Sky_MASTER02.uasset" 275
"../../../Engine/Content/MapTemplates/Sky/SM_SkySphere.uasset" 276
"../../../../../GRPRO/codename_geography/Content/TopDownCPP/Kantons/blinn10.uasset" 277
"../../../../../GRPRO/codename_geography/Content/TopDownCPP/Kantons/Luxembourg_Map_SM_Capellen.uasset" 278
"../../../../../GRPRO/codename_geography/Content/TopDownCPP/Kantons/blinn1.uasset" 279
"../../../../../GRPRO/codename_geography/Content/TopDownCPP/Kantons/Luxembourg_Map_SM_Clerf.uasset" 280
"../../../../../GRPRO/codename_geography/Content/TopDownCPP/Kantons/blinn4.uasset" 281
"../../../../../GRPRO/codename_geography/Content/TopDownCPP/Kantons/Luxembourg_Map_SM_Diekirch.uasset" 282
"../../../../../GRPRO/codename_geography/Content/TopDownCPP/Kantons/blinn7.uasset" 283
"../../../../../GRPRO/codename_geography/Content/TopDownCPP/Kantons/Luxembourg_Map_SM_Echternach.uasset" 284
"../../../../../GRPRO/codename_geography/Content/TopDownCPP/Kantons/blinn11.uasset" 285
"../../../../../GRPRO/codename_geography/Content/TopDownCPP/Kantons/Luxembourg_Map_SM_Esch_Alzette.uasset" 286
"../../../../../GRPRO/codename_geography/Content/TopDownCPP/Kantons/blinn6.uasset" 287
"../../../../../GRPRO/codename_geography/Content/TopDownCPP/Kantons/Luxembourg_Map_SM_Grevenmacher.uasset" 288
"../../../../../GRPRO/codename_geography/Content/TopDownCPP/Kantons/blinn9.uasset" 289
"../../../../../GRPRO/codename_geography/Content/TopDownCPP/Kantons/Luxembourg_Map_SM_Luxemburg.uasset" 290
"../../../../../GRPRO/codename_geography/Content/TopDownCPP/Kantons/blinn5.uasset" 291
"../../../../../GRPRO/codename_geography/Content/TopDownCPP/Kantons/Luxembourg_Map_SM_Mersch.uasset" 292
"../../../../../GRPRO/codename_geography/Content/TopDownCPP/Kantons/blinn8.uasset" 293
"../../../../../GRPRO/codename_geography/Content/TopDownCPP/Kantons/Luxembourg_Map_SM_Redingen.uasset" 294
"../../../../../GRPRO/codename_geography/Content/TopDownCPP/Kantons/blinn12.uasset" 295
"../../../../../GRPRO/codename_geography/Content/TopDownCPP/Kantons/Luxembourg_Map_SM_Remich.uasset" 296
"../../../../../GRPRO/codename_geography/Content/TopDownCPP/Kantons/blinn3.uasset" 297
"../../../../../GRPRO/codename_geography/Content/TopDownCPP/Kantons/Luxembourg_Map_SM_Vianden.uasset" 298
"../../../../../GRPRO/codename_geography/Content/TopDownCPP/Kantons/blinn2.uasset" 299
"../../../../../GRPRO/codename_geography/Content/TopDownCPP/Kantons/Luxembourg_Map_SM_Wiltz.uasset" 300
"../../../../../GRPRO/codename_geography/Content/TopDownCPP/Main.umap" 301
"../../../../../GRPRO/codename_geography/Content/TopDownCPP/Mini-Games/Trivia/TriviaPlayerController.uasset" 302
"../../../../../GRPRO/codename_geography/Content/TopDownCPP/Mini-Games/Trivia/TriviaScoreStruct.uasset" 303
"../../../../../GRPRO/codename_geography/Content/TopDownCPP/Mini-Games/Trivia/EndScreen.uasset" 304
"../../../../../GRPRO/codename_geography/Content/TopDownCPP/Mini-Games/Trivia/TriviaStruct.uasset" 305
"../../../../../GRPRO/codename_geography/Content/TopDownCPP/Mini-Games/Trivia/evaluateRound.uasset" 306
"../../../../../GRPRO/codename_geography/Content/TopDownCPP/Mini-Games/Trivia/GameStart.uasset" 307
"../../../../../GRPRO/codename_geography/Content/TopDownCPP/Mini-Games/Trivia/TriviaHUD.uasset" 308
"../../../../../GRPRO/codename_geography/Content/TopDownCPP/Mini-Games/Trivia/Clover_3.uasset" 309
"../../../../../GRPRO/codename_geography/Content/TopDownCPP/Mini-Games/Trivia/TriviaMusic.uasset" 310
"../../../../../GRPRO/codename_geography/Content/TopDownCPP/Mini-Games/Trivia/TriviaGameMode.uasset" 311
"../../../../../GRPRO/codename_geography/Content/TopDownCPP/Mini-Games/Trivia/M_Trivia_Field.uasset" 312
"../../../../../GRPRO/codename_geography/Content/Geometry/Meshes/CubeMaterial.uasset" 313
"../../../../../GRPRO/codename_geography/Content/Geometry/Meshes/TemplateFloor.uasset" 314
"../../../../../GRPRO/codename_geography/Content/TopDownCPP/Mini-Games/Trivia/answerFieldEnum.uasset" 315
"../../../../../GRPRO/codename_geography/Content/TopDownCPP/Mini-Games/Trivia/BP_answerField.uasset" 316
"../../../../../GRPRO/codename_geography/Content/TopDownCPP/Mini-Games/Trivia/TriviaLevel_BuiltData.uasset" 317
"../../../../../GRPRO/codename_geography/Content/TopDownCPP/Mini-Games/Trivia/M_Trivia_Border.uasset" 318
"../../../../../GRPRO/codename_geography/Content/TopDownCPP/Mini-Games/Trivia/TriviaLevel.umap" 319
"../../../Engine/Content/Maps/Entry_BuiltData.uasset" 320
"../../../Engine/Content/Maps/Entry.umap" 321
